[2019-12-20 11:18:15] local.ERROR: syntax error, unexpected '}' {"exception":"[object] (Symfony\\Component\\Debug\\Exception\\FatalThrowableError(code: 0): syntax error, unexpected '}' at E:\\progras\\webDev\\wamp64\\www\\wop\\lv\\lvPrj0001-JWTAuthWithEmailVerification\\database\\migrations\\2019_12_20_105559_create_user_verifications_table.php:21)
[stacktrace]
#0 E:\\progras\\webDev\\wamp64\\www\\wop\\lv\\lvPrj0001-JWTAuthWithEmailVerification\\vendor\\laravel\\framework\\src\\Illuminate\\Database\\Migrations\\Migrator.php(477): Illuminate\\Filesystem\\Filesystem->requireOnce('E:\\\\progras\\\\webD...')
#1 E:\\progras\\webDev\\wamp64\\www\\wop\\lv\\lvPrj0001-JWTAuthWithEmailVerification\\vendor\\laravel\\framework\\src\\Illuminate\\Database\\Migrations\\Migrator.php(103): Illuminate\\Database\\Migrations\\Migrator->requireFiles(Array)
#2 E:\\progras\\webDev\\wamp64\\www\\wop\\lv\\lvPrj0001-JWTAuthWithEmailVerification\\vendor\\laravel\\framework\\src\\Illuminate\\Database\\Console\\Migrations\\MigrateCommand.php(71): Illuminate\\Database\\Migrations\\Migrator->run(Array, Array)
#3 [internal function]: Illuminate\\Database\\Console\\Migrations\\MigrateCommand->handle()
#4 E:\\progras\\webDev\\wamp64\\www\\wop\\lv\\lvPrj0001-JWTAuthWithEmailVerification\\vendor\\laravel\\framework\\src\\Illuminate\\Container\\BoundMethod.php(32): call_user_func_array(Array, Array)
#5 E:\\progras\\webDev\\wamp64\\www\\wop\\lv\\lvPrj0001-JWTAuthWithEmailVerification\\vendor\\laravel\\framework\\src\\Illuminate\\Container\\Util.php(36): Illuminate\\Container\\BoundMethod::Illuminate\\Container\\{closure}()
#6 E:\\progras\\webDev\\wamp64\\www\\wop\\lv\\lvPrj0001-JWTAuthWithEmailVerification\\vendor\\laravel\\framework\\src\\Illuminate\\Container\\BoundMethod.php(90): Illuminate\\Container\\Util::unwrapIfClosure(Object(Closure))
#7 E:\\progras\\webDev\\wamp64\\www\\wop\\lv\\lvPrj0001-JWTAuthWithEmailVerification\\vendor\\laravel\\framework\\src\\Illuminate\\Container\\BoundMethod.php(34): Illuminate\\Container\\BoundMethod::callBoundMethod(Object(Illuminate\\Foundation\\Application), Array, Object(Closure))
#8 E:\\progras\\webDev\\wamp64\\www\\wop\\lv\\lvPrj0001-JWTAuthWithEmailVerification\\vendor\\laravel\\framework\\src\\Illuminate\\Container\\Container.php(590): Illuminate\\Container\\BoundMethod::call(Object(Illuminate\\Foundation\\Application), Array, Array, NULL)
#9 E:\\progras\\webDev\\wamp64\\www\\wop\\lv\\lvPrj0001-JWTAuthWithEmailVerification\\vendor\\laravel\\framework\\src\\Illuminate\\Console\\Command.php(202): Illuminate\\Container\\Container->call(Array)
#10 E:\\progras\\webDev\\wamp64\\www\\wop\\lv\\lvPrj0001-JWTAuthWithEmailVerification\\vendor\\symfony\\console\\Command\\Command.php(255): Illuminate\\Console\\Command->execute(Object(Symfony\\Component\\Console\\Input\\ArgvInput), Object(Illuminate\\Console\\OutputStyle))
#11 E:\\progras\\webDev\\wamp64\\www\\wop\\lv\\lvPrj0001-JWTAuthWithEmailVerification\\vendor\\laravel\\framework\\src\\Illuminate\\Console\\Command.php(189): Symfony\\Component\\Console\\Command\\Command->run(Object(Symfony\\Component\\Console\\Input\\ArgvInput), Object(Illuminate\\Console\\OutputStyle))
#12 E:\\progras\\webDev\\wamp64\\www\\wop\\lv\\lvPrj0001-JWTAuthWithEmailVerification\\vendor\\symfony\\console\\Application.php(1011): Illuminate\\Console\\Command->run(Object(Symfony\\Component\\Console\\Input\\ArgvInput), Object(Symfony\\Component\\Console\\Output\\ConsoleOutput))
#13 E:\\progras\\webDev\\wamp64\\www\\wop\\lv\\lvPrj0001-JWTAuthWithEmailVerification\\vendor\\symfony\\console\\Application.php(272): Symfony\\Component\\Console\\Application->doRunCommand(Object(Illuminate\\Database\\Console\\Migrations\\MigrateCommand), Object(Symfony\\Component\\Console\\Input\\ArgvInput), Object(Symfony\\Component\\Console\\Output\\ConsoleOutput))
#14 E:\\progras\\webDev\\wamp64\\www\\wop\\lv\\lvPrj0001-JWTAuthWithEmailVerification\\vendor\\symfony\\console\\Application.php(148): Symfony\\Component\\Console\\Application->doRun(Object(Symfony\\Component\\Console\\Input\\ArgvInput), Object(Symfony\\Component\\Console\\Output\\ConsoleOutput))
#15 E:\\progras\\webDev\\wamp64\\www\\wop\\lv\\lvPrj0001-JWTAuthWithEmailVerification\\vendor\\laravel\\framework\\src\\Illuminate\\Console\\Application.php(93): Symfony\\Component\\Console\\Application->run(Object(Symfony\\Component\\Console\\Input\\ArgvInput), Object(Symfony\\Component\\Console\\Output\\ConsoleOutput))
#16 E:\\progras\\webDev\\wamp64\\www\\wop\\lv\\lvPrj0001-JWTAuthWithEmailVerification\\vendor\\laravel\\framework\\src\\Illuminate\\Foundation\\Console\\Kernel.php(131): Illuminate\\Console\\Application->run(Object(Symfony\\Component\\Console\\Input\\ArgvInput), Object(Symfony\\Component\\Console\\Output\\ConsoleOutput))
#17 E:\\progras\\webDev\\wamp64\\www\\wop\\lv\\lvPrj0001-JWTAuthWithEmailVerification\\artisan(37): Illuminate\\Foundation\\Console\\Kernel->handle(Object(Symfony\\Component\\Console\\Input\\ArgvInput), Object(Symfony\\Component\\Console\\Output\\ConsoleOutput))
#18 {main}
"} 
[2019-12-20 14:48:31] local.ERROR: Call to undefined function App\Http\Controllers\str_random() {"exception":"[object] (Symfony\\Component\\Debug\\Exception\\FatalThrowableError(code: 0): Call to undefined function App\\Http\\Controllers\\str_random() at E:\\progras\\webDev\\wamp64\\www\\wop\\lv\\lvPrj0001-JWTAuthWithEmailVerification\\app\\Http\\Controllers\\AuthController.php:37)
[stacktrace]
#0 [internal function]: App\\Http\\Controllers\\AuthController->register(Object(Illuminate\\Http\\Request))
#1 E:\\progras\\webDev\\wamp64\\www\\wop\\lv\\lvPrj0001-JWTAuthWithEmailVerification\\vendor\\laravel\\framework\\src\\Illuminate\\Routing\\Controller.php(54): call_user_func_array(Array, Array)
#2 E:\\progras\\webDev\\wamp64\\www\\wop\\lv\\lvPrj0001-JWTAuthWithEmailVerification\\vendor\\laravel\\framework\\src\\Illuminate\\Routing\\ControllerDispatcher.php(45): Illuminate\\Routing\\Controller->callAction('register', Array)
#3 E:\\progras\\webDev\\wamp64\\www\\wop\\lv\\lvPrj0001-JWTAuthWithEmailVerification\\vendor\\laravel\\framework\\src\\Illuminate\\Routing\\Route.php(219): Illuminate\\Routing\\ControllerDispatcher->dispatch(Object(Illuminate\\Routing\\Route), Object(App\\Http\\Controllers\\AuthController), 'register')
#4 E:\\progras\\webDev\\wamp64\\www\\wop\\lv\\lvPrj0001-JWTAuthWithEmailVerification\\vendor\\laravel\\framework\\src\\Illuminate\\Routing\\Route.php(176): Illuminate\\Routing\\Route->runController()
#5 E:\\progras\\webDev\\wamp64\\www\\wop\\lv\\lvPrj0001-JWTAuthWithEmailVerification\\vendor\\laravel\\framework\\src\\Illuminate\\Routing\\Router.php(681): Illuminate\\Routing\\Route->run()
#6 E:\\progras\\webDev\\wamp64\\www\\wop\\lv\\lvPrj0001-JWTAuthWithEmailVerification\\vendor\\laravel\\framework\\src\\Illuminate\\Pipeline\\Pipeline.php(130): Illuminate\\Routing\\Router->Illuminate\\Routing\\{closure}(Object(Illuminate\\Http\\Request))
#7 E:\\progras\\webDev\\wamp64\\www\\wop\\lv\\lvPrj0001-JWTAuthWithEmailVerification\\vendor\\laravel\\framework\\src\\Illuminate\\Routing\\Middleware\\SubstituteBindings.php(41): Illuminate\\Pipeline\\Pipeline->Illuminate\\Pipeline\\{closure}(Object(Illuminate\\Http\\Request))
#8 E:\\progras\\webDev\\wamp64\\www\\wop\\lv\\lvPrj0001-JWTAuthWithEmailVerification\\vendor\\laravel\\framework\\src\\Illuminate\\Pipeline\\Pipeline.php(171): Illuminate\\Routing\\Middleware\\SubstituteBindings->handle(Object(Illuminate\\Http\\Request), Object(Closure))
#9 E:\\progras\\webDev\\wamp64\\www\\wop\\lv\\lvPrj0001-JWTAuthWithEmailVerification\\vendor\\laravel\\framework\\src\\Illuminate\\Routing\\Middleware\\ThrottleRequests.php(59): Illuminate\\Pipeline\\Pipeline->Illuminate\\Pipeline\\{closure}(Object(Illuminate\\Http\\Request))
#10 E:\\progras\\webDev\\wamp64\\www\\wop\\lv\\lvPrj0001-JWTAuthWithEmailVerification\\vendor\\laravel\\framework\\src\\Illuminate\\Pipeline\\Pipeline.php(171): Illuminate\\Routing\\Middleware\\ThrottleRequests->handle(Object(Illuminate\\Http\\Request), Object(Closure), 60, '1')
#11 E:\\progras\\webDev\\wamp64\\www\\wop\\lv\\lvPrj0001-JWTAuthWithEmailVerification\\vendor\\laravel\\framework\\src\\Illuminate\\Pipeline\\Pipeline.php(105): Illuminate\\Pipeline\\Pipeline->Illuminate\\Pipeline\\{closure}(Object(Illuminate\\Http\\Request))
#12 E:\\progras\\webDev\\wamp64\\www\\wop\\lv\\lvPrj0001-JWTAuthWithEmailVerification\\vendor\\laravel\\framework\\src\\Illuminate\\Routing\\Router.php(683): Illuminate\\Pipeline\\Pipeline->then(Object(Closure))
#13 E:\\progras\\webDev\\wamp64\\www\\wop\\lv\\lvPrj0001-JWTAuthWithEmailVerification\\vendor\\laravel\\framework\\src\\Illuminate\\Routing\\Router.php(658): Illuminate\\Routing\\Router->runRouteWithinStack(Object(Illuminate\\Routing\\Route), Object(Illuminate\\Http\\Request))
#14 E:\\progras\\webDev\\wamp64\\www\\wop\\lv\\lvPrj0001-JWTAuthWithEmailVerification\\vendor\\laravel\\framework\\src\\Illuminate\\Routing\\Router.php(624): Illuminate\\Routing\\Router->runRoute(Object(Illuminate\\Http\\Request), Object(Illuminate\\Routing\\Route))
#15 E:\\progras\\webDev\\wamp64\\www\\wop\\lv\\lvPrj0001-JWTAuthWithEmailVerification\\vendor\\laravel\\framework\\src\\Illuminate\\Routing\\Router.php(613): Illuminate\\Routing\\Router->dispatchToRoute(Object(Illuminate\\Http\\Request))
#16 E:\\progras\\webDev\\wamp64\\www\\wop\\lv\\lvPrj0001-JWTAuthWithEmailVerification\\vendor\\laravel\\framework\\src\\Illuminate\\Foundation\\Http\\Kernel.php(170): Illuminate\\Routing\\Router->dispatch(Object(Illuminate\\Http\\Request))
#17 E:\\progras\\webDev\\wamp64\\www\\wop\\lv\\lvPrj0001-JWTAuthWithEmailVerification\\vendor\\laravel\\framework\\src\\Illuminate\\Pipeline\\Pipeline.php(130): Illuminate\\Foundation\\Http\\Kernel->Illuminate\\Foundation\\Http\\{closure}(Object(Illuminate\\Http\\Request))
#18 E:\\progras\\webDev\\wamp64\\www\\wop\\lv\\lvPrj0001-JWTAuthWithEmailVerification\\vendor\\laravel\\framework\\src\\Illuminate\\Foundation\\Http\\Middleware\\TransformsRequest.php(21): Illuminate\\Pipeline\\Pipeline->Illuminate\\Pipeline\\{closure}(Object(Illuminate\\Http\\Request))
#19 E:\\progras\\webDev\\wamp64\\www\\wop\\lv\\lvPrj0001-JWTAuthWithEmailVerification\\vendor\\laravel\\framework\\src\\Illuminate\\Pipeline\\Pipeline.php(171): Illuminate\\Foundation\\Http\\Middleware\\TransformsRequest->handle(Object(Illuminate\\Http\\Request), Object(Closure))
#20 E:\\progras\\webDev\\wamp64\\www\\wop\\lv\\lvPrj0001-JWTAuthWithEmailVerification\\vendor\\laravel\\framework\\src\\Illuminate\\Foundation\\Http\\Middleware\\TransformsRequest.php(21): Illuminate\\Pipeline\\Pipeline->Illuminate\\Pipeline\\{closure}(Object(Illuminate\\Http\\Request))
#21 E:\\progras\\webDev\\wamp64\\www\\wop\\lv\\lvPrj0001-JWTAuthWithEmailVerification\\vendor\\laravel\\framework\\src\\Illuminate\\Pipeline\\Pipeline.php(171): Illuminate\\Foundation\\Http\\Middleware\\TransformsRequest->handle(Object(Illuminate\\Http\\Request), Object(Closure))
#22 E:\\progras\\webDev\\wamp64\\www\\wop\\lv\\lvPrj0001-JWTAuthWithEmailVerification\\vendor\\laravel\\framework\\src\\Illuminate\\Foundation\\Http\\Middleware\\ValidatePostSize.php(27): Illuminate\\Pipeline\\Pipeline->Illuminate\\Pipeline\\{closure}(Object(Illuminate\\Http\\Request))
#23 E:\\progras\\webDev\\wamp64\\www\\wop\\lv\\lvPrj0001-JWTAuthWithEmailVerification\\vendor\\laravel\\framework\\src\\Illuminate\\Pipeline\\Pipeline.php(171): Illuminate\\Foundation\\Http\\Middleware\\ValidatePostSize->handle(Object(Illuminate\\Http\\Request), Object(Closure))
#24 E:\\progras\\webDev\\wamp64\\www\\wop\\lv\\lvPrj0001-JWTAuthWithEmailVerification\\vendor\\laravel\\framework\\src\\Illuminate\\Foundation\\Http\\Middleware\\CheckForMaintenanceMode.php(62): Illuminate\\Pipeline\\Pipeline->Illuminate\\Pipeline\\{closure}(Object(Illuminate\\Http\\Request))
#25 E:\\progras\\webDev\\wamp64\\www\\wop\\lv\\lvPrj0001-JWTAuthWithEmailVerification\\vendor\\laravel\\framework\\src\\Illuminate\\Pipeline\\Pipeline.php(171): Illuminate\\Foundation\\Http\\Middleware\\CheckForMaintenanceMode->handle(Object(Illuminate\\Http\\Request), Object(Closure))
#26 E:\\progras\\webDev\\wamp64\\www\\wop\\lv\\lvPrj0001-JWTAuthWithEmailVerification\\vendor\\fideloper\\proxy\\src\\TrustProxies.php(57): Illuminate\\Pipeline\\Pipeline->Illuminate\\Pipeline\\{closure}(Object(Illuminate\\Http\\Request))
#27 E:\\progras\\webDev\\wamp64\\www\\wop\\lv\\lvPrj0001-JWTAuthWithEmailVerification\\vendor\\laravel\\framework\\src\\Illuminate\\Pipeline\\Pipeline.php(171): Fideloper\\Proxy\\TrustProxies->handle(Object(Illuminate\\Http\\Request), Object(Closure))
#28 E:\\progras\\webDev\\wamp64\\www\\wop\\lv\\lvPrj0001-JWTAuthWithEmailVerification\\vendor\\laravel\\framework\\src\\Illuminate\\Pipeline\\Pipeline.php(105): Illuminate\\Pipeline\\Pipeline->Illuminate\\Pipeline\\{closure}(Object(Illuminate\\Http\\Request))
#29 E:\\progras\\webDev\\wamp64\\www\\wop\\lv\\lvPrj0001-JWTAuthWithEmailVerification\\vendor\\laravel\\framework\\src\\Illuminate\\Foundation\\Http\\Kernel.php(145): Illuminate\\Pipeline\\Pipeline->then(Object(Closure))
#30 E:\\progras\\webDev\\wamp64\\www\\wop\\lv\\lvPrj0001-JWTAuthWithEmailVerification\\vendor\\laravel\\framework\\src\\Illuminate\\Foundation\\Http\\Kernel.php(110): Illuminate\\Foundation\\Http\\Kernel->sendRequestThroughRouter(Object(Illuminate\\Http\\Request))
#31 E:\\progras\\webDev\\wamp64\\www\\wop\\lv\\lvPrj0001-JWTAuthWithEmailVerification\\public\\index.php(55): Illuminate\\Foundation\\Http\\Kernel->handle(Object(Illuminate\\Http\\Request))
#32 E:\\progras\\webDev\\wamp64\\www\\wop\\lv\\lvPrj0001-JWTAuthWithEmailVerification\\server.php(21): require_once('E:\\\\progras\\\\webD...')
#33 {main}
"} 
[2019-12-20 14:50:44] local.ERROR: Address in mailbox given [ABC Laravel] does not comply with RFC 2822, 3.6.2. {"exception":"[object] (Swift_RfcComplianceException(code: 0): Address in mailbox given [ABC Laravel] does not comply with RFC 2822, 3.6.2. at E:\\progras\\webDev\\wamp64\\www\\wop\\lv\\lvPrj0001-JWTAuthWithEmailVerification\\vendor\\swiftmailer\\swiftmailer\\lib\\classes\\Swift\\Mime\\Headers\\MailboxHeader.php:355)
[stacktrace]
#0 E:\\progras\\webDev\\wamp64\\www\\wop\\lv\\lvPrj0001-JWTAuthWithEmailVerification\\vendor\\swiftmailer\\swiftmailer\\lib\\classes\\Swift\\Mime\\Headers\\MailboxHeader.php(272): Swift_Mime_Headers_MailboxHeader->assertValidAddress('ABC Laravel')
#1 E:\\progras\\webDev\\wamp64\\www\\wop\\lv\\lvPrj0001-JWTAuthWithEmailVerification\\vendor\\swiftmailer\\swiftmailer\\lib\\classes\\Swift\\Mime\\Headers\\MailboxHeader.php(117): Swift_Mime_Headers_MailboxHeader->normalizeMailboxes(Array)
#2 E:\\progras\\webDev\\wamp64\\www\\wop\\lv\\lvPrj0001-JWTAuthWithEmailVerification\\vendor\\swiftmailer\\swiftmailer\\lib\\classes\\Swift\\Mime\\Headers\\MailboxHeader.php(74): Swift_Mime_Headers_MailboxHeader->setNameAddresses(Array)
#3 E:\\progras\\webDev\\wamp64\\www\\wop\\lv\\lvPrj0001-JWTAuthWithEmailVerification\\vendor\\swiftmailer\\swiftmailer\\lib\\classes\\Swift\\Mime\\SimpleMimeEntity.php(600): Swift_Mime_Headers_MailboxHeader->setFieldBodyModel(Array)
#4 E:\\progras\\webDev\\wamp64\\www\\wop\\lv\\lvPrj0001-JWTAuthWithEmailVerification\\vendor\\swiftmailer\\swiftmailer\\lib\\classes\\Swift\\Mime\\SimpleMessage.php(213): Swift_Mime_SimpleMimeEntity->setHeaderFieldModel('From', Array)
#5 E:\\progras\\webDev\\wamp64\\www\\wop\\lv\\lvPrj0001-JWTAuthWithEmailVerification\\vendor\\laravel\\framework\\src\\Illuminate\\Mail\\Message.php(50): Swift_Mime_SimpleMessage->setFrom(Array, 'ABC Laravel')
#6 E:\\progras\\webDev\\wamp64\\www\\wop\\lv\\lvPrj0001-JWTAuthWithEmailVerification\\app\\Http\\Controllers\\AuthController.php(43): Illuminate\\Mail\\Message->from(false, 'ABC Laravel')
#7 E:\\progras\\webDev\\wamp64\\www\\wop\\lv\\lvPrj0001-JWTAuthWithEmailVerification\\vendor\\laravel\\framework\\src\\Illuminate\\Mail\\Mailer.php(244): App\\Http\\Controllers\\AuthController->App\\Http\\Controllers\\{closure}(Object(Illuminate\\Mail\\Message))
#8 E:\\progras\\webDev\\wamp64\\www\\wop\\lv\\lvPrj0001-JWTAuthWithEmailVerification\\vendor\\laravel\\framework\\src\\Illuminate\\Support\\Facades\\Facade.php(261): Illuminate\\Mail\\Mailer->send('email.verify', Array, Object(Closure))
#9 E:\\progras\\webDev\\wamp64\\www\\wop\\lv\\lvPrj0001-JWTAuthWithEmailVerification\\app\\Http\\Controllers\\AuthController.php(46): Illuminate\\Support\\Facades\\Facade::__callStatic('send', Array)
#10 [internal function]: App\\Http\\Controllers\\AuthController->register(Object(Illuminate\\Http\\Request))
#11 E:\\progras\\webDev\\wamp64\\www\\wop\\lv\\lvPrj0001-JWTAuthWithEmailVerification\\vendor\\laravel\\framework\\src\\Illuminate\\Routing\\Controller.php(54): call_user_func_array(Array, Array)
#12 E:\\progras\\webDev\\wamp64\\www\\wop\\lv\\lvPrj0001-JWTAuthWithEmailVerification\\vendor\\laravel\\framework\\src\\Illuminate\\Routing\\ControllerDispatcher.php(45): Illuminate\\Routing\\Controller->callAction('register', Array)
#13 E:\\progras\\webDev\\wamp64\\www\\wop\\lv\\lvPrj0001-JWTAuthWithEmailVerification\\vendor\\laravel\\framework\\src\\Illuminate\\Routing\\Route.php(219): Illuminate\\Routing\\ControllerDispatcher->dispatch(Object(Illuminate\\Routing\\Route), Object(App\\Http\\Controllers\\AuthController), 'register')
#14 E:\\progras\\webDev\\wamp64\\www\\wop\\lv\\lvPrj0001-JWTAuthWithEmailVerification\\vendor\\laravel\\framework\\src\\Illuminate\\Routing\\Route.php(176): Illuminate\\Routing\\Route->runController()
#15 E:\\progras\\webDev\\wamp64\\www\\wop\\lv\\lvPrj0001-JWTAuthWithEmailVerification\\vendor\\laravel\\framework\\src\\Illuminate\\Routing\\Router.php(681): Illuminate\\Routing\\Route->run()
#16 E:\\progras\\webDev\\wamp64\\www\\wop\\lv\\lvPrj0001-JWTAuthWithEmailVerification\\vendor\\laravel\\framework\\src\\Illuminate\\Pipeline\\Pipeline.php(130): Illuminate\\Routing\\Router->Illuminate\\Routing\\{closure}(Object(Illuminate\\Http\\Request))
#17 E:\\progras\\webDev\\wamp64\\www\\wop\\lv\\lvPrj0001-JWTAuthWithEmailVerification\\vendor\\laravel\\framework\\src\\Illuminate\\Routing\\Middleware\\SubstituteBindings.php(41): Illuminate\\Pipeline\\Pipeline->Illuminate\\Pipeline\\{closure}(Object(Illuminate\\Http\\Request))
#18 E:\\progras\\webDev\\wamp64\\www\\wop\\lv\\lvPrj0001-JWTAuthWithEmailVerification\\vendor\\laravel\\framework\\src\\Illuminate\\Pipeline\\Pipeline.php(171): Illuminate\\Routing\\Middleware\\SubstituteBindings->handle(Object(Illuminate\\Http\\Request), Object(Closure))
#19 E:\\progras\\webDev\\wamp64\\www\\wop\\lv\\lvPrj0001-JWTAuthWithEmailVerification\\vendor\\laravel\\framework\\src\\Illuminate\\Routing\\Middleware\\ThrottleRequests.php(59): Illuminate\\Pipeline\\Pipeline->Illuminate\\Pipeline\\{closure}(Object(Illuminate\\Http\\Request))
#20 E:\\progras\\webDev\\wamp64\\www\\wop\\lv\\lvPrj0001-JWTAuthWithEmailVerification\\vendor\\laravel\\framework\\src\\Illuminate\\Pipeline\\Pipeline.php(171): Illuminate\\Routing\\Middleware\\ThrottleRequests->handle(Object(Illuminate\\Http\\Request), Object(Closure), 60, '1')
#21 E:\\progras\\webDev\\wamp64\\www\\wop\\lv\\lvPrj0001-JWTAuthWithEmailVerification\\vendor\\laravel\\framework\\src\\Illuminate\\Pipeline\\Pipeline.php(105): Illuminate\\Pipeline\\Pipeline->Illuminate\\Pipeline\\{closure}(Object(Illuminate\\Http\\Request))
#22 E:\\progras\\webDev\\wamp64\\www\\wop\\lv\\lvPrj0001-JWTAuthWithEmailVerification\\vendor\\laravel\\framework\\src\\Illuminate\\Routing\\Router.php(683): Illuminate\\Pipeline\\Pipeline->then(Object(Closure))
#23 E:\\progras\\webDev\\wamp64\\www\\wop\\lv\\lvPrj0001-JWTAuthWithEmailVerification\\vendor\\laravel\\framework\\src\\Illuminate\\Routing\\Router.php(658): Illuminate\\Routing\\Router->runRouteWithinStack(Object(Illuminate\\Routing\\Route), Object(Illuminate\\Http\\Request))
#24 E:\\progras\\webDev\\wamp64\\www\\wop\\lv\\lvPrj0001-JWTAuthWithEmailVerification\\vendor\\laravel\\framework\\src\\Illuminate\\Routing\\Router.php(624): Illuminate\\Routing\\Router->runRoute(Object(Illuminate\\Http\\Request), Object(Illuminate\\Routing\\Route))
#25 E:\\progras\\webDev\\wamp64\\www\\wop\\lv\\lvPrj0001-JWTAuthWithEmailVerification\\vendor\\laravel\\framework\\src\\Illuminate\\Routing\\Router.php(613): Illuminate\\Routing\\Router->dispatchToRoute(Object(Illuminate\\Http\\Request))
#26 E:\\progras\\webDev\\wamp64\\www\\wop\\lv\\lvPrj0001-JWTAuthWithEmailVerification\\vendor\\laravel\\framework\\src\\Illuminate\\Foundation\\Http\\Kernel.php(170): Illuminate\\Routing\\Router->dispatch(Object(Illuminate\\Http\\Request))
#27 E:\\progras\\webDev\\wamp64\\www\\wop\\lv\\lvPrj0001-JWTAuthWithEmailVerification\\vendor\\laravel\\framework\\src\\Illuminate\\Pipeline\\Pipeline.php(130): Illuminate\\Foundation\\Http\\Kernel->Illuminate\\Foundation\\Http\\{closure}(Object(Illuminate\\Http\\Request))
#28 E:\\progras\\webDev\\wamp64\\www\\wop\\lv\\lvPrj0001-JWTAuthWithEmailVerification\\vendor\\laravel\\framework\\src\\Illuminate\\Foundation\\Http\\Middleware\\TransformsRequest.php(21): Illuminate\\Pipeline\\Pipeline->Illuminate\\Pipeline\\{closure}(Object(Illuminate\\Http\\Request))
#29 E:\\progras\\webDev\\wamp64\\www\\wop\\lv\\lvPrj0001-JWTAuthWithEmailVerification\\vendor\\laravel\\framework\\src\\Illuminate\\Pipeline\\Pipeline.php(171): Illuminate\\Foundation\\Http\\Middleware\\TransformsRequest->handle(Object(Illuminate\\Http\\Request), Object(Closure))
#30 E:\\progras\\webDev\\wamp64\\www\\wop\\lv\\lvPrj0001-JWTAuthWithEmailVerification\\vendor\\laravel\\framework\\src\\Illuminate\\Foundation\\Http\\Middleware\\TransformsRequest.php(21): Illuminate\\Pipeline\\Pipeline->Illuminate\\Pipeline\\{closure}(Object(Illuminate\\Http\\Request))
#31 E:\\progras\\webDev\\wamp64\\www\\wop\\lv\\lvPrj0001-JWTAuthWithEmailVerification\\vendor\\laravel\\framework\\src\\Illuminate\\Pipeline\\Pipeline.php(171): Illuminate\\Foundation\\Http\\Middleware\\TransformsRequest->handle(Object(Illuminate\\Http\\Request), Object(Closure))
#32 E:\\progras\\webDev\\wamp64\\www\\wop\\lv\\lvPrj0001-JWTAuthWithEmailVerification\\vendor\\laravel\\framework\\src\\Illuminate\\Foundation\\Http\\Middleware\\ValidatePostSize.php(27): Illuminate\\Pipeline\\Pipeline->Illuminate\\Pipeline\\{closure}(Object(Illuminate\\Http\\Request))
#33 E:\\progras\\webDev\\wamp64\\www\\wop\\lv\\lvPrj0001-JWTAuthWithEmailVerification\\vendor\\laravel\\framework\\src\\Illuminate\\Pipeline\\Pipeline.php(171): Illuminate\\Foundation\\Http\\Middleware\\ValidatePostSize->handle(Object(Illuminate\\Http\\Request), Object(Closure))
#34 E:\\progras\\webDev\\wamp64\\www\\wop\\lv\\lvPrj0001-JWTAuthWithEmailVerification\\vendor\\laravel\\framework\\src\\Illuminate\\Foundation\\Http\\Middleware\\CheckForMaintenanceMode.php(62): Illuminate\\Pipeline\\Pipeline->Illuminate\\Pipeline\\{closure}(Object(Illuminate\\Http\\Request))
#35 E:\\progras\\webDev\\wamp64\\www\\wop\\lv\\lvPrj0001-JWTAuthWithEmailVerification\\vendor\\laravel\\framework\\src\\Illuminate\\Pipeline\\Pipeline.php(171): Illuminate\\Foundation\\Http\\Middleware\\CheckForMaintenanceMode->handle(Object(Illuminate\\Http\\Request), Object(Closure))
#36 E:\\progras\\webDev\\wamp64\\www\\wop\\lv\\lvPrj0001-JWTAuthWithEmailVerification\\vendor\\fideloper\\proxy\\src\\TrustProxies.php(57): Illuminate\\Pipeline\\Pipeline->Illuminate\\Pipeline\\{closure}(Object(Illuminate\\Http\\Request))
#37 E:\\progras\\webDev\\wamp64\\www\\wop\\lv\\lvPrj0001-JWTAuthWithEmailVerification\\vendor\\laravel\\framework\\src\\Illuminate\\Pipeline\\Pipeline.php(171): Fideloper\\Proxy\\TrustProxies->handle(Object(Illuminate\\Http\\Request), Object(Closure))
#38 E:\\progras\\webDev\\wamp64\\www\\wop\\lv\\lvPrj0001-JWTAuthWithEmailVerification\\vendor\\laravel\\framework\\src\\Illuminate\\Pipeline\\Pipeline.php(105): Illuminate\\Pipeline\\Pipeline->Illuminate\\Pipeline\\{closure}(Object(Illuminate\\Http\\Request))
#39 E:\\progras\\webDev\\wamp64\\www\\wop\\lv\\lvPrj0001-JWTAuthWithEmailVerification\\vendor\\laravel\\framework\\src\\Illuminate\\Foundation\\Http\\Kernel.php(145): Illuminate\\Pipeline\\Pipeline->then(Object(Closure))
#40 E:\\progras\\webDev\\wamp64\\www\\wop\\lv\\lvPrj0001-JWTAuthWithEmailVerification\\vendor\\laravel\\framework\\src\\Illuminate\\Foundation\\Http\\Kernel.php(110): Illuminate\\Foundation\\Http\\Kernel->sendRequestThroughRouter(Object(Illuminate\\Http\\Request))
#41 E:\\progras\\webDev\\wamp64\\www\\wop\\lv\\lvPrj0001-JWTAuthWithEmailVerification\\public\\index.php(55): Illuminate\\Foundation\\Http\\Kernel->handle(Object(Illuminate\\Http\\Request))
#42 E:\\progras\\webDev\\wamp64\\www\\wop\\lv\\lvPrj0001-JWTAuthWithEmailVerification\\server.php(21): require_once('E:\\\\progras\\\\webD...')
#43 {main}
"} 
[2019-12-20 14:51:24] local.ERROR: syntax error, unexpected 'Verification' (T_STRING), expecting ')' {"exception":"[object] (Symfony\\Component\\Debug\\Exception\\FatalThrowableError(code: 0): syntax error, unexpected 'Verification' (T_STRING), expecting ')' at E:\\progras\\webDev\\wamp64\\www\\wop\\lv\\lvPrj0001-JWTAuthWithEmailVerification\\app\\Http\\Controllers\\AuthController.php:68)
[stacktrace]
#0 E:\\progras\\webDev\\wamp64\\www\\wop\\lv\\lvPrj0001-JWTAuthWithEmailVerification\\vendor\\composer\\ClassLoader.php(322): Composer\\Autoload\\includeFile('E:\\\\progras\\\\webD...')
#1 [internal function]: Composer\\Autoload\\ClassLoader->loadClass('App\\\\Http\\\\Contro...')
#2 [internal function]: spl_autoload_call('App\\\\Http\\\\Contro...')
#3 E:\\progras\\webDev\\wamp64\\www\\wop\\lv\\lvPrj0001-JWTAuthWithEmailVerification\\vendor\\laravel\\framework\\src\\Illuminate\\Container\\Container.php(803): ReflectionClass->__construct('App\\\\Http\\\\Contro...')
#4 E:\\progras\\webDev\\wamp64\\www\\wop\\lv\\lvPrj0001-JWTAuthWithEmailVerification\\vendor\\laravel\\framework\\src\\Illuminate\\Container\\Container.php(681): Illuminate\\Container\\Container->build('App\\\\Http\\\\Contro...')
#5 E:\\progras\\webDev\\wamp64\\www\\wop\\lv\\lvPrj0001-JWTAuthWithEmailVerification\\vendor\\laravel\\framework\\src\\Illuminate\\Container\\Container.php(629): Illuminate\\Container\\Container->resolve('App\\\\Http\\\\Contro...', Array)
#6 E:\\progras\\webDev\\wamp64\\www\\wop\\lv\\lvPrj0001-JWTAuthWithEmailVerification\\vendor\\laravel\\framework\\src\\Illuminate\\Foundation\\Application.php(769): Illuminate\\Container\\Container->make('App\\\\Http\\\\Contro...', Array)
#7 E:\\progras\\webDev\\wamp64\\www\\wop\\lv\\lvPrj0001-JWTAuthWithEmailVerification\\vendor\\laravel\\framework\\src\\Illuminate\\Routing\\Route.php(233): Illuminate\\Foundation\\Application->make('App\\\\Http\\\\Contro...')
#8 E:\\progras\\webDev\\wamp64\\www\\wop\\lv\\lvPrj0001-JWTAuthWithEmailVerification\\vendor\\laravel\\framework\\src\\Illuminate\\Routing\\Route.php(833): Illuminate\\Routing\\Route->getController()
#9 E:\\progras\\webDev\\wamp64\\www\\wop\\lv\\lvPrj0001-JWTAuthWithEmailVerification\\vendor\\laravel\\framework\\src\\Illuminate\\Routing\\Route.php(794): Illuminate\\Routing\\Route->controllerMiddleware()
#10 E:\\progras\\webDev\\wamp64\\www\\wop\\lv\\lvPrj0001-JWTAuthWithEmailVerification\\vendor\\laravel\\framework\\src\\Illuminate\\Routing\\Router.php(694): Illuminate\\Routing\\Route->gatherMiddleware()
#11 E:\\progras\\webDev\\wamp64\\www\\wop\\lv\\lvPrj0001-JWTAuthWithEmailVerification\\vendor\\laravel\\framework\\src\\Illuminate\\Routing\\Router.php(674): Illuminate\\Routing\\Router->gatherRouteMiddleware(Object(Illuminate\\Routing\\Route))
#12 E:\\progras\\webDev\\wamp64\\www\\wop\\lv\\lvPrj0001-JWTAuthWithEmailVerification\\vendor\\laravel\\framework\\src\\Illuminate\\Routing\\Router.php(658): Illuminate\\Routing\\Router->runRouteWithinStack(Object(Illuminate\\Routing\\Route), Object(Illuminate\\Http\\Request))
#13 E:\\progras\\webDev\\wamp64\\www\\wop\\lv\\lvPrj0001-JWTAuthWithEmailVerification\\vendor\\laravel\\framework\\src\\Illuminate\\Routing\\Router.php(624): Illuminate\\Routing\\Router->runRoute(Object(Illuminate\\Http\\Request), Object(Illuminate\\Routing\\Route))
#14 E:\\progras\\webDev\\wamp64\\www\\wop\\lv\\lvPrj0001-JWTAuthWithEmailVerification\\vendor\\laravel\\framework\\src\\Illuminate\\Routing\\Router.php(613): Illuminate\\Routing\\Router->dispatchToRoute(Object(Illuminate\\Http\\Request))
#15 E:\\progras\\webDev\\wamp64\\www\\wop\\lv\\lvPrj0001-JWTAuthWithEmailVerification\\vendor\\laravel\\framework\\src\\Illuminate\\Foundation\\Http\\Kernel.php(170): Illuminate\\Routing\\Router->dispatch(Object(Illuminate\\Http\\Request))
#16 E:\\progras\\webDev\\wamp64\\www\\wop\\lv\\lvPrj0001-JWTAuthWithEmailVerification\\vendor\\laravel\\framework\\src\\Illuminate\\Pipeline\\Pipeline.php(130): Illuminate\\Foundation\\Http\\Kernel->Illuminate\\Foundation\\Http\\{closure}(Object(Illuminate\\Http\\Request))
#17 E:\\progras\\webDev\\wamp64\\www\\wop\\lv\\lvPrj0001-JWTAuthWithEmailVerification\\vendor\\laravel\\framework\\src\\Illuminate\\Foundation\\Http\\Middleware\\TransformsRequest.php(21): Illuminate\\Pipeline\\Pipeline->Illuminate\\Pipeline\\{closure}(Object(Illuminate\\Http\\Request))
#18 E:\\progras\\webDev\\wamp64\\www\\wop\\lv\\lvPrj0001-JWTAuthWithEmailVerification\\vendor\\laravel\\framework\\src\\Illuminate\\Pipeline\\Pipeline.php(171): Illuminate\\Foundation\\Http\\Middleware\\TransformsRequest->handle(Object(Illuminate\\Http\\Request), Object(Closure))
#19 E:\\progras\\webDev\\wamp64\\www\\wop\\lv\\lvPrj0001-JWTAuthWithEmailVerification\\vendor\\laravel\\framework\\src\\Illuminate\\Foundation\\Http\\Middleware\\TransformsRequest.php(21): Illuminate\\Pipeline\\Pipeline->Illuminate\\Pipeline\\{closure}(Object(Illuminate\\Http\\Request))
#20 E:\\progras\\webDev\\wamp64\\www\\wop\\lv\\lvPrj0001-JWTAuthWithEmailVerification\\vendor\\laravel\\framework\\src\\Illuminate\\Pipeline\\Pipeline.php(171): Illuminate\\Foundation\\Http\\Middleware\\TransformsRequest->handle(Object(Illuminate\\Http\\Request), Object(Closure))
#21 E:\\progras\\webDev\\wamp64\\www\\wop\\lv\\lvPrj0001-JWTAuthWithEmailVerification\\vendor\\laravel\\framework\\src\\Illuminate\\Foundation\\Http\\Middleware\\ValidatePostSize.php(27): Illuminate\\Pipeline\\Pipeline->Illuminate\\Pipeline\\{closure}(Object(Illuminate\\Http\\Request))
#22 E:\\progras\\webDev\\wamp64\\www\\wop\\lv\\lvPrj0001-JWTAuthWithEmailVerification\\vendor\\laravel\\framework\\src\\Illuminate\\Pipeline\\Pipeline.php(171): Illuminate\\Foundation\\Http\\Middleware\\ValidatePostSize->handle(Object(Illuminate\\Http\\Request), Object(Closure))
#23 E:\\progras\\webDev\\wamp64\\www\\wop\\lv\\lvPrj0001-JWTAuthWithEmailVerification\\vendor\\laravel\\framework\\src\\Illuminate\\Foundation\\Http\\Middleware\\CheckForMaintenanceMode.php(62): Illuminate\\Pipeline\\Pipeline->Illuminate\\Pipeline\\{closure}(Object(Illuminate\\Http\\Request))
#24 E:\\progras\\webDev\\wamp64\\www\\wop\\lv\\lvPrj0001-JWTAuthWithEmailVerification\\vendor\\laravel\\framework\\src\\Illuminate\\Pipeline\\Pipeline.php(171): Illuminate\\Foundation\\Http\\Middleware\\CheckForMaintenanceMode->handle(Object(Illuminate\\Http\\Request), Object(Closure))
#25 E:\\progras\\webDev\\wamp64\\www\\wop\\lv\\lvPrj0001-JWTAuthWithEmailVerification\\vendor\\fideloper\\proxy\\src\\TrustProxies.php(57): Illuminate\\Pipeline\\Pipeline->Illuminate\\Pipeline\\{closure}(Object(Illuminate\\Http\\Request))
#26 E:\\progras\\webDev\\wamp64\\www\\wop\\lv\\lvPrj0001-JWTAuthWithEmailVerification\\vendor\\laravel\\framework\\src\\Illuminate\\Pipeline\\Pipeline.php(171): Fideloper\\Proxy\\TrustProxies->handle(Object(Illuminate\\Http\\Request), Object(Closure))
#27 E:\\progras\\webDev\\wamp64\\www\\wop\\lv\\lvPrj0001-JWTAuthWithEmailVerification\\vendor\\laravel\\framework\\src\\Illuminate\\Pipeline\\Pipeline.php(105): Illuminate\\Pipeline\\Pipeline->Illuminate\\Pipeline\\{closure}(Object(Illuminate\\Http\\Request))
#28 E:\\progras\\webDev\\wamp64\\www\\wop\\lv\\lvPrj0001-JWTAuthWithEmailVerification\\vendor\\laravel\\framework\\src\\Illuminate\\Foundation\\Http\\Kernel.php(145): Illuminate\\Pipeline\\Pipeline->then(Object(Closure))
#29 E:\\progras\\webDev\\wamp64\\www\\wop\\lv\\lvPrj0001-JWTAuthWithEmailVerification\\vendor\\laravel\\framework\\src\\Illuminate\\Foundation\\Http\\Kernel.php(110): Illuminate\\Foundation\\Http\\Kernel->sendRequestThroughRouter(Object(Illuminate\\Http\\Request))
#30 E:\\progras\\webDev\\wamp64\\www\\wop\\lv\\lvPrj0001-JWTAuthWithEmailVerification\\public\\index.php(55): Illuminate\\Foundation\\Http\\Kernel->handle(Object(Illuminate\\Http\\Request))
#31 E:\\progras\\webDev\\wamp64\\www\\wop\\lv\\lvPrj0001-JWTAuthWithEmailVerification\\server.php(21): require_once('E:\\\\progras\\\\webD...')
#32 {main}
"} 
[2019-12-20 14:53:13] local.ERROR: Connection could not be established with host smtp.gmail.com :stream_socket_client(): unable to connect to auto://smtp.gmail.com:465 (Unable to find the socket transport &quot;auto&quot; - did you forget to enable it when you configured PHP?) {"exception":"[object] (Swift_TransportException(code: 0): Connection could not be established with host smtp.gmail.com :stream_socket_client(): unable to connect to auto://smtp.gmail.com:465 (Unable to find the socket transport &quot;auto&quot; - did you forget to enable it when you configured PHP?) at E:\\progras\\webDev\\wamp64\\www\\wop\\lv\\lvPrj0001-JWTAuthWithEmailVerification\\vendor\\swiftmailer\\swiftmailer\\lib\\classes\\Swift\\Transport\\StreamBuffer.php:269)
[stacktrace]
#0 [internal function]: Swift_Transport_StreamBuffer->{closure}(2, 'stream_socket_c...', 'E:\\\\progras\\\\webD...', 272, Array)
#1 E:\\progras\\webDev\\wamp64\\www\\wop\\lv\\lvPrj0001-JWTAuthWithEmailVerification\\vendor\\swiftmailer\\swiftmailer\\lib\\classes\\Swift\\Transport\\StreamBuffer.php(272): stream_socket_client('auto://smtp.gma...', 100797136, 'Unable to find ...', 30, 4, Resource id #563)
#2 E:\\progras\\webDev\\wamp64\\www\\wop\\lv\\lvPrj0001-JWTAuthWithEmailVerification\\vendor\\swiftmailer\\swiftmailer\\lib\\classes\\Swift\\Transport\\StreamBuffer.php(58): Swift_Transport_StreamBuffer->establishSocketConnection()
#3 E:\\progras\\webDev\\wamp64\\www\\wop\\lv\\lvPrj0001-JWTAuthWithEmailVerification\\vendor\\swiftmailer\\swiftmailer\\lib\\classes\\Swift\\Transport\\AbstractSmtpTransport.php(143): Swift_Transport_StreamBuffer->initialize(Array)
#4 E:\\progras\\webDev\\wamp64\\www\\wop\\lv\\lvPrj0001-JWTAuthWithEmailVerification\\vendor\\swiftmailer\\swiftmailer\\lib\\classes\\Swift\\Mailer.php(65): Swift_Transport_AbstractSmtpTransport->start()
#5 E:\\progras\\webDev\\wamp64\\www\\wop\\lv\\lvPrj0001-JWTAuthWithEmailVerification\\vendor\\laravel\\framework\\src\\Illuminate\\Mail\\Mailer.php(486): Swift_Mailer->send(Object(Swift_Message), Array)
#6 E:\\progras\\webDev\\wamp64\\www\\wop\\lv\\lvPrj0001-JWTAuthWithEmailVerification\\vendor\\laravel\\framework\\src\\Illuminate\\Mail\\Mailer.php(261): Illuminate\\Mail\\Mailer->sendSwiftMessage(Object(Swift_Message))
#7 E:\\progras\\webDev\\wamp64\\www\\wop\\lv\\lvPrj0001-JWTAuthWithEmailVerification\\vendor\\laravel\\framework\\src\\Illuminate\\Support\\Facades\\Facade.php(261): Illuminate\\Mail\\Mailer->send('email.verify', Array, Object(Closure))
#8 E:\\progras\\webDev\\wamp64\\www\\wop\\lv\\lvPrj0001-JWTAuthWithEmailVerification\\app\\Http\\Controllers\\AuthController.php(46): Illuminate\\Support\\Facades\\Facade::__callStatic('send', Array)
#9 [internal function]: App\\Http\\Controllers\\AuthController->register(Object(Illuminate\\Http\\Request))
#10 E:\\progras\\webDev\\wamp64\\www\\wop\\lv\\lvPrj0001-JWTAuthWithEmailVerification\\vendor\\laravel\\framework\\src\\Illuminate\\Routing\\Controller.php(54): call_user_func_array(Array, Array)
#11 E:\\progras\\webDev\\wamp64\\www\\wop\\lv\\lvPrj0001-JWTAuthWithEmailVerification\\vendor\\laravel\\framework\\src\\Illuminate\\Routing\\ControllerDispatcher.php(45): Illuminate\\Routing\\Controller->callAction('register', Array)
#12 E:\\progras\\webDev\\wamp64\\www\\wop\\lv\\lvPrj0001-JWTAuthWithEmailVerification\\vendor\\laravel\\framework\\src\\Illuminate\\Routing\\Route.php(219): Illuminate\\Routing\\ControllerDispatcher->dispatch(Object(Illuminate\\Routing\\Route), Object(App\\Http\\Controllers\\AuthController), 'register')
#13 E:\\progras\\webDev\\wamp64\\www\\wop\\lv\\lvPrj0001-JWTAuthWithEmailVerification\\vendor\\laravel\\framework\\src\\Illuminate\\Routing\\Route.php(176): Illuminate\\Routing\\Route->runController()
#14 E:\\progras\\webDev\\wamp64\\www\\wop\\lv\\lvPrj0001-JWTAuthWithEmailVerification\\vendor\\laravel\\framework\\src\\Illuminate\\Routing\\Router.php(681): Illuminate\\Routing\\Route->run()
#15 E:\\progras\\webDev\\wamp64\\www\\wop\\lv\\lvPrj0001-JWTAuthWithEmailVerification\\vendor\\laravel\\framework\\src\\Illuminate\\Pipeline\\Pipeline.php(130): Illuminate\\Routing\\Router->Illuminate\\Routing\\{closure}(Object(Illuminate\\Http\\Request))
#16 E:\\progras\\webDev\\wamp64\\www\\wop\\lv\\lvPrj0001-JWTAuthWithEmailVerification\\vendor\\laravel\\framework\\src\\Illuminate\\Routing\\Middleware\\SubstituteBindings.php(41): Illuminate\\Pipeline\\Pipeline->Illuminate\\Pipeline\\{closure}(Object(Illuminate\\Http\\Request))
#17 E:\\progras\\webDev\\wamp64\\www\\wop\\lv\\lvPrj0001-JWTAuthWithEmailVerification\\vendor\\laravel\\framework\\src\\Illuminate\\Pipeline\\Pipeline.php(171): Illuminate\\Routing\\Middleware\\SubstituteBindings->handle(Object(Illuminate\\Http\\Request), Object(Closure))
#18 E:\\progras\\webDev\\wamp64\\www\\wop\\lv\\lvPrj0001-JWTAuthWithEmailVerification\\vendor\\laravel\\framework\\src\\Illuminate\\Routing\\Middleware\\ThrottleRequests.php(59): Illuminate\\Pipeline\\Pipeline->Illuminate\\Pipeline\\{closure}(Object(Illuminate\\Http\\Request))
#19 E:\\progras\\webDev\\wamp64\\www\\wop\\lv\\lvPrj0001-JWTAuthWithEmailVerification\\vendor\\laravel\\framework\\src\\Illuminate\\Pipeline\\Pipeline.php(171): Illuminate\\Routing\\Middleware\\ThrottleRequests->handle(Object(Illuminate\\Http\\Request), Object(Closure), 60, '1')
#20 E:\\progras\\webDev\\wamp64\\www\\wop\\lv\\lvPrj0001-JWTAuthWithEmailVerification\\vendor\\laravel\\framework\\src\\Illuminate\\Pipeline\\Pipeline.php(105): Illuminate\\Pipeline\\Pipeline->Illuminate\\Pipeline\\{closure}(Object(Illuminate\\Http\\Request))
#21 E:\\progras\\webDev\\wamp64\\www\\wop\\lv\\lvPrj0001-JWTAuthWithEmailVerification\\vendor\\laravel\\framework\\src\\Illuminate\\Routing\\Router.php(683): Illuminate\\Pipeline\\Pipeline->then(Object(Closure))
#22 E:\\progras\\webDev\\wamp64\\www\\wop\\lv\\lvPrj0001-JWTAuthWithEmailVerification\\vendor\\laravel\\framework\\src\\Illuminate\\Routing\\Router.php(658): Illuminate\\Routing\\Router->runRouteWithinStack(Object(Illuminate\\Routing\\Route), Object(Illuminate\\Http\\Request))
#23 E:\\progras\\webDev\\wamp64\\www\\wop\\lv\\lvPrj0001-JWTAuthWithEmailVerification\\vendor\\laravel\\framework\\src\\Illuminate\\Routing\\Router.php(624): Illuminate\\Routing\\Router->runRoute(Object(Illuminate\\Http\\Request), Object(Illuminate\\Routing\\Route))
#24 E:\\progras\\webDev\\wamp64\\www\\wop\\lv\\lvPrj0001-JWTAuthWithEmailVerification\\vendor\\laravel\\framework\\src\\Illuminate\\Routing\\Router.php(613): Illuminate\\Routing\\Router->dispatchToRoute(Object(Illuminate\\Http\\Request))
#25 E:\\progras\\webDev\\wamp64\\www\\wop\\lv\\lvPrj0001-JWTAuthWithEmailVerification\\vendor\\laravel\\framework\\src\\Illuminate\\Foundation\\Http\\Kernel.php(170): Illuminate\\Routing\\Router->dispatch(Object(Illuminate\\Http\\Request))
#26 E:\\progras\\webDev\\wamp64\\www\\wop\\lv\\lvPrj0001-JWTAuthWithEmailVerification\\vendor\\laravel\\framework\\src\\Illuminate\\Pipeline\\Pipeline.php(130): Illuminate\\Foundation\\Http\\Kernel->Illuminate\\Foundation\\Http\\{closure}(Object(Illuminate\\Http\\Request))
#27 E:\\progras\\webDev\\wamp64\\www\\wop\\lv\\lvPrj0001-JWTAuthWithEmailVerification\\vendor\\laravel\\framework\\src\\Illuminate\\Foundation\\Http\\Middleware\\TransformsRequest.php(21): Illuminate\\Pipeline\\Pipeline->Illuminate\\Pipeline\\{closure}(Object(Illuminate\\Http\\Request))
#28 E:\\progras\\webDev\\wamp64\\www\\wop\\lv\\lvPrj0001-JWTAuthWithEmailVerification\\vendor\\laravel\\framework\\src\\Illuminate\\Pipeline\\Pipeline.php(171): Illuminate\\Foundation\\Http\\Middleware\\TransformsRequest->handle(Object(Illuminate\\Http\\Request), Object(Closure))
#29 E:\\progras\\webDev\\wamp64\\www\\wop\\lv\\lvPrj0001-JWTAuthWithEmailVerification\\vendor\\laravel\\framework\\src\\Illuminate\\Foundation\\Http\\Middleware\\TransformsRequest.php(21): Illuminate\\Pipeline\\Pipeline->Illuminate\\Pipeline\\{closure}(Object(Illuminate\\Http\\Request))
#30 E:\\progras\\webDev\\wamp64\\www\\wop\\lv\\lvPrj0001-JWTAuthWithEmailVerification\\vendor\\laravel\\framework\\src\\Illuminate\\Pipeline\\Pipeline.php(171): Illuminate\\Foundation\\Http\\Middleware\\TransformsRequest->handle(Object(Illuminate\\Http\\Request), Object(Closure))
#31 E:\\progras\\webDev\\wamp64\\www\\wop\\lv\\lvPrj0001-JWTAuthWithEmailVerification\\vendor\\laravel\\framework\\src\\Illuminate\\Foundation\\Http\\Middleware\\ValidatePostSize.php(27): Illuminate\\Pipeline\\Pipeline->Illuminate\\Pipeline\\{closure}(Object(Illuminate\\Http\\Request))
#32 E:\\progras\\webDev\\wamp64\\www\\wop\\lv\\lvPrj0001-JWTAuthWithEmailVerification\\vendor\\laravel\\framework\\src\\Illuminate\\Pipeline\\Pipeline.php(171): Illuminate\\Foundation\\Http\\Middleware\\ValidatePostSize->handle(Object(Illuminate\\Http\\Request), Object(Closure))
#33 E:\\progras\\webDev\\wamp64\\www\\wop\\lv\\lvPrj0001-JWTAuthWithEmailVerification\\vendor\\laravel\\framework\\src\\Illuminate\\Foundation\\Http\\Middleware\\CheckForMaintenanceMode.php(62): Illuminate\\Pipeline\\Pipeline->Illuminate\\Pipeline\\{closure}(Object(Illuminate\\Http\\Request))
#34 E:\\progras\\webDev\\wamp64\\www\\wop\\lv\\lvPrj0001-JWTAuthWithEmailVerification\\vendor\\laravel\\framework\\src\\Illuminate\\Pipeline\\Pipeline.php(171): Illuminate\\Foundation\\Http\\Middleware\\CheckForMaintenanceMode->handle(Object(Illuminate\\Http\\Request), Object(Closure))
#35 E:\\progras\\webDev\\wamp64\\www\\wop\\lv\\lvPrj0001-JWTAuthWithEmailVerification\\vendor\\fideloper\\proxy\\src\\TrustProxies.php(57): Illuminate\\Pipeline\\Pipeline->Illuminate\\Pipeline\\{closure}(Object(Illuminate\\Http\\Request))
#36 E:\\progras\\webDev\\wamp64\\www\\wop\\lv\\lvPrj0001-JWTAuthWithEmailVerification\\vendor\\laravel\\framework\\src\\Illuminate\\Pipeline\\Pipeline.php(171): Fideloper\\Proxy\\TrustProxies->handle(Object(Illuminate\\Http\\Request), Object(Closure))
#37 E:\\progras\\webDev\\wamp64\\www\\wop\\lv\\lvPrj0001-JWTAuthWithEmailVerification\\vendor\\laravel\\framework\\src\\Illuminate\\Pipeline\\Pipeline.php(105): Illuminate\\Pipeline\\Pipeline->Illuminate\\Pipeline\\{closure}(Object(Illuminate\\Http\\Request))
#38 E:\\progras\\webDev\\wamp64\\www\\wop\\lv\\lvPrj0001-JWTAuthWithEmailVerification\\vendor\\laravel\\framework\\src\\Illuminate\\Foundation\\Http\\Kernel.php(145): Illuminate\\Pipeline\\Pipeline->then(Object(Closure))
#39 E:\\progras\\webDev\\wamp64\\www\\wop\\lv\\lvPrj0001-JWTAuthWithEmailVerification\\vendor\\laravel\\framework\\src\\Illuminate\\Foundation\\Http\\Kernel.php(110): Illuminate\\Foundation\\Http\\Kernel->sendRequestThroughRouter(Object(Illuminate\\Http\\Request))
#40 E:\\progras\\webDev\\wamp64\\www\\wop\\lv\\lvPrj0001-JWTAuthWithEmailVerification\\public\\index.php(55): Illuminate\\Foundation\\Http\\Kernel->handle(Object(Illuminate\\Http\\Request))
#41 E:\\progras\\webDev\\wamp64\\www\\wop\\lv\\lvPrj0001-JWTAuthWithEmailVerification\\server.php(21): require_once('E:\\\\progras\\\\webD...')
#42 {main}
"} 
[2019-12-20 14:54:05] local.ERROR: Connection could not be established with host smtp.gmail.com :stream_socket_client(): unable to connect to auto://smtp.gmail.com:465 (Unable to find the socket transport &quot;auto&quot; - did you forget to enable it when you configured PHP?) {"exception":"[object] (Swift_TransportException(code: 0): Connection could not be established with host smtp.gmail.com :stream_socket_client(): unable to connect to auto://smtp.gmail.com:465 (Unable to find the socket transport &quot;auto&quot; - did you forget to enable it when you configured PHP?) at E:\\progras\\webDev\\wamp64\\www\\wop\\lv\\lvPrj0001-JWTAuthWithEmailVerification\\vendor\\swiftmailer\\swiftmailer\\lib\\classes\\Swift\\Transport\\StreamBuffer.php:269)
[stacktrace]
#0 [internal function]: Swift_Transport_StreamBuffer->{closure}(2, 'stream_socket_c...', 'E:\\\\progras\\\\webD...', 272, Array)
#1 E:\\progras\\webDev\\wamp64\\www\\wop\\lv\\lvPrj0001-JWTAuthWithEmailVerification\\vendor\\swiftmailer\\swiftmailer\\lib\\classes\\Swift\\Transport\\StreamBuffer.php(272): stream_socket_client('auto://smtp.gma...', 100797136, 'Unable to find ...', 30, 4, Resource id #558)
#2 E:\\progras\\webDev\\wamp64\\www\\wop\\lv\\lvPrj0001-JWTAuthWithEmailVerification\\vendor\\swiftmailer\\swiftmailer\\lib\\classes\\Swift\\Transport\\StreamBuffer.php(58): Swift_Transport_StreamBuffer->establishSocketConnection()
#3 E:\\progras\\webDev\\wamp64\\www\\wop\\lv\\lvPrj0001-JWTAuthWithEmailVerification\\vendor\\swiftmailer\\swiftmailer\\lib\\classes\\Swift\\Transport\\AbstractSmtpTransport.php(143): Swift_Transport_StreamBuffer->initialize(Array)
#4 E:\\progras\\webDev\\wamp64\\www\\wop\\lv\\lvPrj0001-JWTAuthWithEmailVerification\\vendor\\swiftmailer\\swiftmailer\\lib\\classes\\Swift\\Mailer.php(65): Swift_Transport_AbstractSmtpTransport->start()
#5 E:\\progras\\webDev\\wamp64\\www\\wop\\lv\\lvPrj0001-JWTAuthWithEmailVerification\\vendor\\laravel\\framework\\src\\Illuminate\\Mail\\Mailer.php(486): Swift_Mailer->send(Object(Swift_Message), Array)
#6 E:\\progras\\webDev\\wamp64\\www\\wop\\lv\\lvPrj0001-JWTAuthWithEmailVerification\\vendor\\laravel\\framework\\src\\Illuminate\\Mail\\Mailer.php(261): Illuminate\\Mail\\Mailer->sendSwiftMessage(Object(Swift_Message))
#7 E:\\progras\\webDev\\wamp64\\www\\wop\\lv\\lvPrj0001-JWTAuthWithEmailVerification\\vendor\\laravel\\framework\\src\\Illuminate\\Support\\Facades\\Facade.php(261): Illuminate\\Mail\\Mailer->send('email.verify', Array, Object(Closure))
#8 E:\\progras\\webDev\\wamp64\\www\\wop\\lv\\lvPrj0001-JWTAuthWithEmailVerification\\app\\Http\\Controllers\\AuthController.php(46): Illuminate\\Support\\Facades\\Facade::__callStatic('send', Array)
#9 [internal function]: App\\Http\\Controllers\\AuthController->register(Object(Illuminate\\Http\\Request))
#10 E:\\progras\\webDev\\wamp64\\www\\wop\\lv\\lvPrj0001-JWTAuthWithEmailVerification\\vendor\\laravel\\framework\\src\\Illuminate\\Routing\\Controller.php(54): call_user_func_array(Array, Array)
#11 E:\\progras\\webDev\\wamp64\\www\\wop\\lv\\lvPrj0001-JWTAuthWithEmailVerification\\vendor\\laravel\\framework\\src\\Illuminate\\Routing\\ControllerDispatcher.php(45): Illuminate\\Routing\\Controller->callAction('register', Array)
#12 E:\\progras\\webDev\\wamp64\\www\\wop\\lv\\lvPrj0001-JWTAuthWithEmailVerification\\vendor\\laravel\\framework\\src\\Illuminate\\Routing\\Route.php(219): Illuminate\\Routing\\ControllerDispatcher->dispatch(Object(Illuminate\\Routing\\Route), Object(App\\Http\\Controllers\\AuthController), 'register')
#13 E:\\progras\\webDev\\wamp64\\www\\wop\\lv\\lvPrj0001-JWTAuthWithEmailVerification\\vendor\\laravel\\framework\\src\\Illuminate\\Routing\\Route.php(176): Illuminate\\Routing\\Route->runController()
#14 E:\\progras\\webDev\\wamp64\\www\\wop\\lv\\lvPrj0001-JWTAuthWithEmailVerification\\vendor\\laravel\\framework\\src\\Illuminate\\Routing\\Router.php(681): Illuminate\\Routing\\Route->run()
#15 E:\\progras\\webDev\\wamp64\\www\\wop\\lv\\lvPrj0001-JWTAuthWithEmailVerification\\vendor\\laravel\\framework\\src\\Illuminate\\Pipeline\\Pipeline.php(130): Illuminate\\Routing\\Router->Illuminate\\Routing\\{closure}(Object(Illuminate\\Http\\Request))
#16 E:\\progras\\webDev\\wamp64\\www\\wop\\lv\\lvPrj0001-JWTAuthWithEmailVerification\\vendor\\laravel\\framework\\src\\Illuminate\\Routing\\Middleware\\SubstituteBindings.php(41): Illuminate\\Pipeline\\Pipeline->Illuminate\\Pipeline\\{closure}(Object(Illuminate\\Http\\Request))
#17 E:\\progras\\webDev\\wamp64\\www\\wop\\lv\\lvPrj0001-JWTAuthWithEmailVerification\\vendor\\laravel\\framework\\src\\Illuminate\\Pipeline\\Pipeline.php(171): Illuminate\\Routing\\Middleware\\SubstituteBindings->handle(Object(Illuminate\\Http\\Request), Object(Closure))
#18 E:\\progras\\webDev\\wamp64\\www\\wop\\lv\\lvPrj0001-JWTAuthWithEmailVerification\\vendor\\laravel\\framework\\src\\Illuminate\\Routing\\Middleware\\ThrottleRequests.php(59): Illuminate\\Pipeline\\Pipeline->Illuminate\\Pipeline\\{closure}(Object(Illuminate\\Http\\Request))
#19 E:\\progras\\webDev\\wamp64\\www\\wop\\lv\\lvPrj0001-JWTAuthWithEmailVerification\\vendor\\laravel\\framework\\src\\Illuminate\\Pipeline\\Pipeline.php(171): Illuminate\\Routing\\Middleware\\ThrottleRequests->handle(Object(Illuminate\\Http\\Request), Object(Closure), 60, '1')
#20 E:\\progras\\webDev\\wamp64\\www\\wop\\lv\\lvPrj0001-JWTAuthWithEmailVerification\\vendor\\laravel\\framework\\src\\Illuminate\\Pipeline\\Pipeline.php(105): Illuminate\\Pipeline\\Pipeline->Illuminate\\Pipeline\\{closure}(Object(Illuminate\\Http\\Request))
#21 E:\\progras\\webDev\\wamp64\\www\\wop\\lv\\lvPrj0001-JWTAuthWithEmailVerification\\vendor\\laravel\\framework\\src\\Illuminate\\Routing\\Router.php(683): Illuminate\\Pipeline\\Pipeline->then(Object(Closure))
#22 E:\\progras\\webDev\\wamp64\\www\\wop\\lv\\lvPrj0001-JWTAuthWithEmailVerification\\vendor\\laravel\\framework\\src\\Illuminate\\Routing\\Router.php(658): Illuminate\\Routing\\Router->runRouteWithinStack(Object(Illuminate\\Routing\\Route), Object(Illuminate\\Http\\Request))
#23 E:\\progras\\webDev\\wamp64\\www\\wop\\lv\\lvPrj0001-JWTAuthWithEmailVerification\\vendor\\laravel\\framework\\src\\Illuminate\\Routing\\Router.php(624): Illuminate\\Routing\\Router->runRoute(Object(Illuminate\\Http\\Request), Object(Illuminate\\Routing\\Route))
#24 E:\\progras\\webDev\\wamp64\\www\\wop\\lv\\lvPrj0001-JWTAuthWithEmailVerification\\vendor\\laravel\\framework\\src\\Illuminate\\Routing\\Router.php(613): Illuminate\\Routing\\Router->dispatchToRoute(Object(Illuminate\\Http\\Request))
#25 E:\\progras\\webDev\\wamp64\\www\\wop\\lv\\lvPrj0001-JWTAuthWithEmailVerification\\vendor\\laravel\\framework\\src\\Illuminate\\Foundation\\Http\\Kernel.php(170): Illuminate\\Routing\\Router->dispatch(Object(Illuminate\\Http\\Request))
#26 E:\\progras\\webDev\\wamp64\\www\\wop\\lv\\lvPrj0001-JWTAuthWithEmailVerification\\vendor\\laravel\\framework\\src\\Illuminate\\Pipeline\\Pipeline.php(130): Illuminate\\Foundation\\Http\\Kernel->Illuminate\\Foundation\\Http\\{closure}(Object(Illuminate\\Http\\Request))
#27 E:\\progras\\webDev\\wamp64\\www\\wop\\lv\\lvPrj0001-JWTAuthWithEmailVerification\\vendor\\laravel\\framework\\src\\Illuminate\\Foundation\\Http\\Middleware\\TransformsRequest.php(21): Illuminate\\Pipeline\\Pipeline->Illuminate\\Pipeline\\{closure}(Object(Illuminate\\Http\\Request))
#28 E:\\progras\\webDev\\wamp64\\www\\wop\\lv\\lvPrj0001-JWTAuthWithEmailVerification\\vendor\\laravel\\framework\\src\\Illuminate\\Pipeline\\Pipeline.php(171): Illuminate\\Foundation\\Http\\Middleware\\TransformsRequest->handle(Object(Illuminate\\Http\\Request), Object(Closure))
#29 E:\\progras\\webDev\\wamp64\\www\\wop\\lv\\lvPrj0001-JWTAuthWithEmailVerification\\vendor\\laravel\\framework\\src\\Illuminate\\Foundation\\Http\\Middleware\\TransformsRequest.php(21): Illuminate\\Pipeline\\Pipeline->Illuminate\\Pipeline\\{closure}(Object(Illuminate\\Http\\Request))
#30 E:\\progras\\webDev\\wamp64\\www\\wop\\lv\\lvPrj0001-JWTAuthWithEmailVerification\\vendor\\laravel\\framework\\src\\Illuminate\\Pipeline\\Pipeline.php(171): Illuminate\\Foundation\\Http\\Middleware\\TransformsRequest->handle(Object(Illuminate\\Http\\Request), Object(Closure))
#31 E:\\progras\\webDev\\wamp64\\www\\wop\\lv\\lvPrj0001-JWTAuthWithEmailVerification\\vendor\\laravel\\framework\\src\\Illuminate\\Foundation\\Http\\Middleware\\ValidatePostSize.php(27): Illuminate\\Pipeline\\Pipeline->Illuminate\\Pipeline\\{closure}(Object(Illuminate\\Http\\Request))
#32 E:\\progras\\webDev\\wamp64\\www\\wop\\lv\\lvPrj0001-JWTAuthWithEmailVerification\\vendor\\laravel\\framework\\src\\Illuminate\\Pipeline\\Pipeline.php(171): Illuminate\\Foundation\\Http\\Middleware\\ValidatePostSize->handle(Object(Illuminate\\Http\\Request), Object(Closure))
#33 E:\\progras\\webDev\\wamp64\\www\\wop\\lv\\lvPrj0001-JWTAuthWithEmailVerification\\vendor\\laravel\\framework\\src\\Illuminate\\Foundation\\Http\\Middleware\\CheckForMaintenanceMode.php(62): Illuminate\\Pipeline\\Pipeline->Illuminate\\Pipeline\\{closure}(Object(Illuminate\\Http\\Request))
#34 E:\\progras\\webDev\\wamp64\\www\\wop\\lv\\lvPrj0001-JWTAuthWithEmailVerification\\vendor\\laravel\\framework\\src\\Illuminate\\Pipeline\\Pipeline.php(171): Illuminate\\Foundation\\Http\\Middleware\\CheckForMaintenanceMode->handle(Object(Illuminate\\Http\\Request), Object(Closure))
#35 E:\\progras\\webDev\\wamp64\\www\\wop\\lv\\lvPrj0001-JWTAuthWithEmailVerification\\vendor\\fideloper\\proxy\\src\\TrustProxies.php(57): Illuminate\\Pipeline\\Pipeline->Illuminate\\Pipeline\\{closure}(Object(Illuminate\\Http\\Request))
#36 E:\\progras\\webDev\\wamp64\\www\\wop\\lv\\lvPrj0001-JWTAuthWithEmailVerification\\vendor\\laravel\\framework\\src\\Illuminate\\Pipeline\\Pipeline.php(171): Fideloper\\Proxy\\TrustProxies->handle(Object(Illuminate\\Http\\Request), Object(Closure))
#37 E:\\progras\\webDev\\wamp64\\www\\wop\\lv\\lvPrj0001-JWTAuthWithEmailVerification\\vendor\\laravel\\framework\\src\\Illuminate\\Pipeline\\Pipeline.php(105): Illuminate\\Pipeline\\Pipeline->Illuminate\\Pipeline\\{closure}(Object(Illuminate\\Http\\Request))
#38 E:\\progras\\webDev\\wamp64\\www\\wop\\lv\\lvPrj0001-JWTAuthWithEmailVerification\\vendor\\laravel\\framework\\src\\Illuminate\\Foundation\\Http\\Kernel.php(145): Illuminate\\Pipeline\\Pipeline->then(Object(Closure))
#39 E:\\progras\\webDev\\wamp64\\www\\wop\\lv\\lvPrj0001-JWTAuthWithEmailVerification\\vendor\\laravel\\framework\\src\\Illuminate\\Foundation\\Http\\Kernel.php(110): Illuminate\\Foundation\\Http\\Kernel->sendRequestThroughRouter(Object(Illuminate\\Http\\Request))
#40 E:\\progras\\webDev\\wamp64\\www\\wop\\lv\\lvPrj0001-JWTAuthWithEmailVerification\\public\\index.php(55): Illuminate\\Foundation\\Http\\Kernel->handle(Object(Illuminate\\Http\\Request))
#41 E:\\progras\\webDev\\wamp64\\www\\wop\\lv\\lvPrj0001-JWTAuthWithEmailVerification\\server.php(21): require_once('E:\\\\progras\\\\webD...')
#42 {main}
"} 
[2019-12-20 14:54:38] local.ERROR: Failed to authenticate on SMTP server with username "cmshangupak@gmail.com" using 3 possible authenticators. Authenticator LOGIN returned Expected response code 235 but got code "535", with message "535-5.7.8 Username and Password not accepted. Learn more at
535 5.7.8  https://support.google.com/mail/?p=BadCredentials y7sm4333244ljj.58 - gsmtp
". Authenticator PLAIN returned Expected response code 235 but got code "535", with message "535-5.7.8 Username and Password not accepted. Learn more at
535 5.7.8  https://support.google.com/mail/?p=BadCredentials y7sm4333244ljj.58 - gsmtp
". Authenticator XOAUTH2 returned Expected response code 250 but got code "535", with message "535-5.7.8 Username and Password not accepted. Learn more at
535 5.7.8  https://support.google.com/mail/?p=BadCredentials y7sm4333244ljj.58 - gsmtp
". {"exception":"[object] (Swift_TransportException(code: 0): Failed to authenticate on SMTP server with username \"cmshangupak@gmail.com\" using 3 possible authenticators. Authenticator LOGIN returned Expected response code 235 but got code \"535\", with message \"535-5.7.8 Username and Password not accepted. Learn more at
535 5.7.8  https://support.google.com/mail/?p=BadCredentials y7sm4333244ljj.58 - gsmtp
\". Authenticator PLAIN returned Expected response code 235 but got code \"535\", with message \"535-5.7.8 Username and Password not accepted. Learn more at
535 5.7.8  https://support.google.com/mail/?p=BadCredentials y7sm4333244ljj.58 - gsmtp
\". Authenticator XOAUTH2 returned Expected response code 250 but got code \"535\", with message \"535-5.7.8 Username and Password not accepted. Learn more at
535 5.7.8  https://support.google.com/mail/?p=BadCredentials y7sm4333244ljj.58 - gsmtp
\". at E:\\progras\\webDev\\wamp64\\www\\wop\\lv\\lvPrj0001-JWTAuthWithEmailVerification\\vendor\\swiftmailer\\swiftmailer\\lib\\classes\\Swift\\Transport\\Esmtp\\AuthHandler.php:191)
[stacktrace]
#0 E:\\progras\\webDev\\wamp64\\www\\wop\\lv\\lvPrj0001-JWTAuthWithEmailVerification\\vendor\\swiftmailer\\swiftmailer\\lib\\classes\\Swift\\Transport\\EsmtpTransport.php(371): Swift_Transport_Esmtp_AuthHandler->afterEhlo(Object(Swift_SmtpTransport))
#1 E:\\progras\\webDev\\wamp64\\www\\wop\\lv\\lvPrj0001-JWTAuthWithEmailVerification\\vendor\\swiftmailer\\swiftmailer\\lib\\classes\\Swift\\Transport\\AbstractSmtpTransport.php(148): Swift_Transport_EsmtpTransport->doHeloCommand()
#2 E:\\progras\\webDev\\wamp64\\www\\wop\\lv\\lvPrj0001-JWTAuthWithEmailVerification\\vendor\\swiftmailer\\swiftmailer\\lib\\classes\\Swift\\Mailer.php(65): Swift_Transport_AbstractSmtpTransport->start()
#3 E:\\progras\\webDev\\wamp64\\www\\wop\\lv\\lvPrj0001-JWTAuthWithEmailVerification\\vendor\\laravel\\framework\\src\\Illuminate\\Mail\\Mailer.php(486): Swift_Mailer->send(Object(Swift_Message), Array)
#4 E:\\progras\\webDev\\wamp64\\www\\wop\\lv\\lvPrj0001-JWTAuthWithEmailVerification\\vendor\\laravel\\framework\\src\\Illuminate\\Mail\\Mailer.php(261): Illuminate\\Mail\\Mailer->sendSwiftMessage(Object(Swift_Message))
#5 E:\\progras\\webDev\\wamp64\\www\\wop\\lv\\lvPrj0001-JWTAuthWithEmailVerification\\vendor\\laravel\\framework\\src\\Illuminate\\Support\\Facades\\Facade.php(261): Illuminate\\Mail\\Mailer->send('email.verify', Array, Object(Closure))
#6 E:\\progras\\webDev\\wamp64\\www\\wop\\lv\\lvPrj0001-JWTAuthWithEmailVerification\\app\\Http\\Controllers\\AuthController.php(46): Illuminate\\Support\\Facades\\Facade::__callStatic('send', Array)
#7 [internal function]: App\\Http\\Controllers\\AuthController->register(Object(Illuminate\\Http\\Request))
#8 E:\\progras\\webDev\\wamp64\\www\\wop\\lv\\lvPrj0001-JWTAuthWithEmailVerification\\vendor\\laravel\\framework\\src\\Illuminate\\Routing\\Controller.php(54): call_user_func_array(Array, Array)
#9 E:\\progras\\webDev\\wamp64\\www\\wop\\lv\\lvPrj0001-JWTAuthWithEmailVerification\\vendor\\laravel\\framework\\src\\Illuminate\\Routing\\ControllerDispatcher.php(45): Illuminate\\Routing\\Controller->callAction('register', Array)
#10 E:\\progras\\webDev\\wamp64\\www\\wop\\lv\\lvPrj0001-JWTAuthWithEmailVerification\\vendor\\laravel\\framework\\src\\Illuminate\\Routing\\Route.php(219): Illuminate\\Routing\\ControllerDispatcher->dispatch(Object(Illuminate\\Routing\\Route), Object(App\\Http\\Controllers\\AuthController), 'register')
#11 E:\\progras\\webDev\\wamp64\\www\\wop\\lv\\lvPrj0001-JWTAuthWithEmailVerification\\vendor\\laravel\\framework\\src\\Illuminate\\Routing\\Route.php(176): Illuminate\\Routing\\Route->runController()
#12 E:\\progras\\webDev\\wamp64\\www\\wop\\lv\\lvPrj0001-JWTAuthWithEmailVerification\\vendor\\laravel\\framework\\src\\Illuminate\\Routing\\Router.php(681): Illuminate\\Routing\\Route->run()
#13 E:\\progras\\webDev\\wamp64\\www\\wop\\lv\\lvPrj0001-JWTAuthWithEmailVerification\\vendor\\laravel\\framework\\src\\Illuminate\\Pipeline\\Pipeline.php(130): Illuminate\\Routing\\Router->Illuminate\\Routing\\{closure}(Object(Illuminate\\Http\\Request))
#14 E:\\progras\\webDev\\wamp64\\www\\wop\\lv\\lvPrj0001-JWTAuthWithEmailVerification\\vendor\\laravel\\framework\\src\\Illuminate\\Routing\\Middleware\\SubstituteBindings.php(41): Illuminate\\Pipeline\\Pipeline->Illuminate\\Pipeline\\{closure}(Object(Illuminate\\Http\\Request))
#15 E:\\progras\\webDev\\wamp64\\www\\wop\\lv\\lvPrj0001-JWTAuthWithEmailVerification\\vendor\\laravel\\framework\\src\\Illuminate\\Pipeline\\Pipeline.php(171): Illuminate\\Routing\\Middleware\\SubstituteBindings->handle(Object(Illuminate\\Http\\Request), Object(Closure))
#16 E:\\progras\\webDev\\wamp64\\www\\wop\\lv\\lvPrj0001-JWTAuthWithEmailVerification\\vendor\\laravel\\framework\\src\\Illuminate\\Routing\\Middleware\\ThrottleRequests.php(59): Illuminate\\Pipeline\\Pipeline->Illuminate\\Pipeline\\{closure}(Object(Illuminate\\Http\\Request))
#17 E:\\progras\\webDev\\wamp64\\www\\wop\\lv\\lvPrj0001-JWTAuthWithEmailVerification\\vendor\\laravel\\framework\\src\\Illuminate\\Pipeline\\Pipeline.php(171): Illuminate\\Routing\\Middleware\\ThrottleRequests->handle(Object(Illuminate\\Http\\Request), Object(Closure), 60, '1')
#18 E:\\progras\\webDev\\wamp64\\www\\wop\\lv\\lvPrj0001-JWTAuthWithEmailVerification\\vendor\\laravel\\framework\\src\\Illuminate\\Pipeline\\Pipeline.php(105): Illuminate\\Pipeline\\Pipeline->Illuminate\\Pipeline\\{closure}(Object(Illuminate\\Http\\Request))
#19 E:\\progras\\webDev\\wamp64\\www\\wop\\lv\\lvPrj0001-JWTAuthWithEmailVerification\\vendor\\laravel\\framework\\src\\Illuminate\\Routing\\Router.php(683): Illuminate\\Pipeline\\Pipeline->then(Object(Closure))
#20 E:\\progras\\webDev\\wamp64\\www\\wop\\lv\\lvPrj0001-JWTAuthWithEmailVerification\\vendor\\laravel\\framework\\src\\Illuminate\\Routing\\Router.php(658): Illuminate\\Routing\\Router->runRouteWithinStack(Object(Illuminate\\Routing\\Route), Object(Illuminate\\Http\\Request))
#21 E:\\progras\\webDev\\wamp64\\www\\wop\\lv\\lvPrj0001-JWTAuthWithEmailVerification\\vendor\\laravel\\framework\\src\\Illuminate\\Routing\\Router.php(624): Illuminate\\Routing\\Router->runRoute(Object(Illuminate\\Http\\Request), Object(Illuminate\\Routing\\Route))
#22 E:\\progras\\webDev\\wamp64\\www\\wop\\lv\\lvPrj0001-JWTAuthWithEmailVerification\\vendor\\laravel\\framework\\src\\Illuminate\\Routing\\Router.php(613): Illuminate\\Routing\\Router->dispatchToRoute(Object(Illuminate\\Http\\Request))
#23 E:\\progras\\webDev\\wamp64\\www\\wop\\lv\\lvPrj0001-JWTAuthWithEmailVerification\\vendor\\laravel\\framework\\src\\Illuminate\\Foundation\\Http\\Kernel.php(170): Illuminate\\Routing\\Router->dispatch(Object(Illuminate\\Http\\Request))
#24 E:\\progras\\webDev\\wamp64\\www\\wop\\lv\\lvPrj0001-JWTAuthWithEmailVerification\\vendor\\laravel\\framework\\src\\Illuminate\\Pipeline\\Pipeline.php(130): Illuminate\\Foundation\\Http\\Kernel->Illuminate\\Foundation\\Http\\{closure}(Object(Illuminate\\Http\\Request))
#25 E:\\progras\\webDev\\wamp64\\www\\wop\\lv\\lvPrj0001-JWTAuthWithEmailVerification\\vendor\\laravel\\framework\\src\\Illuminate\\Foundation\\Http\\Middleware\\TransformsRequest.php(21): Illuminate\\Pipeline\\Pipeline->Illuminate\\Pipeline\\{closure}(Object(Illuminate\\Http\\Request))
#26 E:\\progras\\webDev\\wamp64\\www\\wop\\lv\\lvPrj0001-JWTAuthWithEmailVerification\\vendor\\laravel\\framework\\src\\Illuminate\\Pipeline\\Pipeline.php(171): Illuminate\\Foundation\\Http\\Middleware\\TransformsRequest->handle(Object(Illuminate\\Http\\Request), Object(Closure))
#27 E:\\progras\\webDev\\wamp64\\www\\wop\\lv\\lvPrj0001-JWTAuthWithEmailVerification\\vendor\\laravel\\framework\\src\\Illuminate\\Foundation\\Http\\Middleware\\TransformsRequest.php(21): Illuminate\\Pipeline\\Pipeline->Illuminate\\Pipeline\\{closure}(Object(Illuminate\\Http\\Request))
#28 E:\\progras\\webDev\\wamp64\\www\\wop\\lv\\lvPrj0001-JWTAuthWithEmailVerification\\vendor\\laravel\\framework\\src\\Illuminate\\Pipeline\\Pipeline.php(171): Illuminate\\Foundation\\Http\\Middleware\\TransformsRequest->handle(Object(Illuminate\\Http\\Request), Object(Closure))
#29 E:\\progras\\webDev\\wamp64\\www\\wop\\lv\\lvPrj0001-JWTAuthWithEmailVerification\\vendor\\laravel\\framework\\src\\Illuminate\\Foundation\\Http\\Middleware\\ValidatePostSize.php(27): Illuminate\\Pipeline\\Pipeline->Illuminate\\Pipeline\\{closure}(Object(Illuminate\\Http\\Request))
#30 E:\\progras\\webDev\\wamp64\\www\\wop\\lv\\lvPrj0001-JWTAuthWithEmailVerification\\vendor\\laravel\\framework\\src\\Illuminate\\Pipeline\\Pipeline.php(171): Illuminate\\Foundation\\Http\\Middleware\\ValidatePostSize->handle(Object(Illuminate\\Http\\Request), Object(Closure))
#31 E:\\progras\\webDev\\wamp64\\www\\wop\\lv\\lvPrj0001-JWTAuthWithEmailVerification\\vendor\\laravel\\framework\\src\\Illuminate\\Foundation\\Http\\Middleware\\CheckForMaintenanceMode.php(62): Illuminate\\Pipeline\\Pipeline->Illuminate\\Pipeline\\{closure}(Object(Illuminate\\Http\\Request))
#32 E:\\progras\\webDev\\wamp64\\www\\wop\\lv\\lvPrj0001-JWTAuthWithEmailVerification\\vendor\\laravel\\framework\\src\\Illuminate\\Pipeline\\Pipeline.php(171): Illuminate\\Foundation\\Http\\Middleware\\CheckForMaintenanceMode->handle(Object(Illuminate\\Http\\Request), Object(Closure))
#33 E:\\progras\\webDev\\wamp64\\www\\wop\\lv\\lvPrj0001-JWTAuthWithEmailVerification\\vendor\\fideloper\\proxy\\src\\TrustProxies.php(57): Illuminate\\Pipeline\\Pipeline->Illuminate\\Pipeline\\{closure}(Object(Illuminate\\Http\\Request))
#34 E:\\progras\\webDev\\wamp64\\www\\wop\\lv\\lvPrj0001-JWTAuthWithEmailVerification\\vendor\\laravel\\framework\\src\\Illuminate\\Pipeline\\Pipeline.php(171): Fideloper\\Proxy\\TrustProxies->handle(Object(Illuminate\\Http\\Request), Object(Closure))
#35 E:\\progras\\webDev\\wamp64\\www\\wop\\lv\\lvPrj0001-JWTAuthWithEmailVerification\\vendor\\laravel\\framework\\src\\Illuminate\\Pipeline\\Pipeline.php(105): Illuminate\\Pipeline\\Pipeline->Illuminate\\Pipeline\\{closure}(Object(Illuminate\\Http\\Request))
#36 E:\\progras\\webDev\\wamp64\\www\\wop\\lv\\lvPrj0001-JWTAuthWithEmailVerification\\vendor\\laravel\\framework\\src\\Illuminate\\Foundation\\Http\\Kernel.php(145): Illuminate\\Pipeline\\Pipeline->then(Object(Closure))
#37 E:\\progras\\webDev\\wamp64\\www\\wop\\lv\\lvPrj0001-JWTAuthWithEmailVerification\\vendor\\laravel\\framework\\src\\Illuminate\\Foundation\\Http\\Kernel.php(110): Illuminate\\Foundation\\Http\\Kernel->sendRequestThroughRouter(Object(Illuminate\\Http\\Request))
#38 E:\\progras\\webDev\\wamp64\\www\\wop\\lv\\lvPrj0001-JWTAuthWithEmailVerification\\public\\index.php(55): Illuminate\\Foundation\\Http\\Kernel->handle(Object(Illuminate\\Http\\Request))
#39 E:\\progras\\webDev\\wamp64\\www\\wop\\lv\\lvPrj0001-JWTAuthWithEmailVerification\\server.php(21): require_once('E:\\\\progras\\\\webD...')
#40 {main}
"} 
